<?xml version="1.0" encoding="UTF-8"?>
<testsuite xmlns:xsi="http://www.w3.org/2001/XMLSchema-instance" xsi:noNamespaceSchemaLocation="https://maven.apache.org/surefire/maven-surefire-plugin/xsd/surefire-test-report.xsd" name="CourierTest" time="2.454" tests="9" errors="0" skipped="0" failures="2">
  <properties>
    <property name="sun.desktop" value="windows"/>
    <property name="awt.toolkit" value="sun.awt.windows.WToolkit"/>
    <property name="java.specification.version" value="11"/>
    <property name="sun.cpu.isalist" value="amd64"/>
    <property name="sun.jnu.encoding" value="Cp1251"/>
    <property name="java.class.path" value="C:\cygwin64\home\ybala\Project\Sprint_7\target\test-classes;C:\cygwin64\home\ybala\Project\Sprint_7\target\classes;C:\Users\ybala\.m2\repository\io\rest-assured\rest-assured\5.3.0\rest-assured-5.3.0.jar;C:\Users\ybala\.m2\repository\org\apache\groovy\groovy\4.0.6\groovy-4.0.6.jar;C:\Users\ybala\.m2\repository\org\apache\groovy\groovy-xml\4.0.6\groovy-xml-4.0.6.jar;C:\Users\ybala\.m2\repository\org\apache\httpcomponents\httpclient\4.5.13\httpclient-4.5.13.jar;C:\Users\ybala\.m2\repository\org\apache\httpcomponents\httpcore\4.4.13\httpcore-4.4.13.jar;C:\Users\ybala\.m2\repository\commons-logging\commons-logging\1.2\commons-logging-1.2.jar;C:\Users\ybala\.m2\repository\commons-codec\commons-codec\1.11\commons-codec-1.11.jar;C:\Users\ybala\.m2\repository\org\apache\httpcomponents\httpmime\4.5.13\httpmime-4.5.13.jar;C:\Users\ybala\.m2\repository\org\hamcrest\hamcrest\2.1\hamcrest-2.1.jar;C:\Users\ybala\.m2\repository\org\ccil\cowan\tagsoup\tagsoup\1.2.1\tagsoup-1.2.1.jar;C:\Users\ybala\.m2\repository\io\rest-assured\json-path\5.3.0\json-path-5.3.0.jar;C:\Users\ybala\.m2\repository\org\apache\groovy\groovy-json\4.0.6\groovy-json-4.0.6.jar;C:\Users\ybala\.m2\repository\io\rest-assured\rest-assured-common\5.3.0\rest-assured-common-5.3.0.jar;C:\Users\ybala\.m2\repository\io\rest-assured\xml-path\5.3.0\xml-path-5.3.0.jar;C:\Users\ybala\.m2\repository\org\apache\commons\commons-lang3\3.11\commons-lang3-3.11.jar;C:\Users\ybala\.m2\repository\junit\junit\4.13.2\junit-4.13.2.jar;C:\Users\ybala\.m2\repository\org\hamcrest\hamcrest-core\1.3\hamcrest-core-1.3.jar;C:\Users\ybala\.m2\repository\io\qameta\allure\allure-junit4\2.20.1\allure-junit4-2.20.1.jar;C:\Users\ybala\.m2\repository\io\qameta\allure\allure-java-commons\2.20.1\allure-java-commons-2.20.1.jar;C:\Users\ybala\.m2\repository\org\slf4j\slf4j-api\1.7.36\slf4j-api-1.7.36.jar;C:\Users\ybala\.m2\repository\io\qameta\allure\allure-model\2.20.1\allure-model-2.20.1.jar;C:\Users\ybala\.m2\repository\io\qameta\allure\allure-rest-assured\2.20.1\allure-rest-assured-2.20.1.jar;C:\Users\ybala\.m2\repository\io\qameta\allure\allure-attachments\2.20.1\allure-attachments-2.20.1.jar;C:\Users\ybala\.m2\repository\org\freemarker\freemarker\2.3.31\freemarker-2.3.31.jar;C:\Users\ybala\.m2\repository\com\fasterxml\jackson\core\jackson-databind\2.14.1\jackson-databind-2.14.1.jar;C:\Users\ybala\.m2\repository\com\fasterxml\jackson\core\jackson-annotations\2.14.1\jackson-annotations-2.14.1.jar;C:\Users\ybala\.m2\repository\com\fasterxml\jackson\core\jackson-core\2.14.1\jackson-core-2.14.1.jar;"/>
    <property name="java.vm.vendor" value="Amazon.com Inc."/>
    <property name="sun.arch.data.model" value="64"/>
    <property name="user.variant" value=""/>
    <property name="java.vendor.url" value="https://aws.amazon.com/corretto/"/>
    <property name="user.timezone" value="Europe/Moscow"/>
    <property name="java.vm.specification.version" value="11"/>
    <property name="os.name" value="Windows 10"/>
    <property name="sun.java.launcher" value="SUN_STANDARD"/>
    <property name="user.country" value="RU"/>
    <property name="sun.boot.library.path" value="C:\Program Files\Amazon Corretto\jdk11.0.16_9\bin"/>
    <property name="sun.java.command" value="C:\Users\ybala\AppData\Local\Temp\surefire7116857859159316655\surefirebooter659755939143708318.jar C:\Users\ybala\AppData\Local\Temp\surefire7116857859159316655 2023-01-12T20-36-14_471-jvmRun1 surefire18311975132062066782tmp surefire_01717535896974065150tmp"/>
    <property name="jdk.debug" value="release"/>
    <property name="surefire.test.class.path" value="C:\cygwin64\home\ybala\Project\Sprint_7\target\test-classes;C:\cygwin64\home\ybala\Project\Sprint_7\target\classes;C:\Users\ybala\.m2\repository\io\rest-assured\rest-assured\5.3.0\rest-assured-5.3.0.jar;C:\Users\ybala\.m2\repository\org\apache\groovy\groovy\4.0.6\groovy-4.0.6.jar;C:\Users\ybala\.m2\repository\org\apache\groovy\groovy-xml\4.0.6\groovy-xml-4.0.6.jar;C:\Users\ybala\.m2\repository\org\apache\httpcomponents\httpclient\4.5.13\httpclient-4.5.13.jar;C:\Users\ybala\.m2\repository\org\apache\httpcomponents\httpcore\4.4.13\httpcore-4.4.13.jar;C:\Users\ybala\.m2\repository\commons-logging\commons-logging\1.2\commons-logging-1.2.jar;C:\Users\ybala\.m2\repository\commons-codec\commons-codec\1.11\commons-codec-1.11.jar;C:\Users\ybala\.m2\repository\org\apache\httpcomponents\httpmime\4.5.13\httpmime-4.5.13.jar;C:\Users\ybala\.m2\repository\org\hamcrest\hamcrest\2.1\hamcrest-2.1.jar;C:\Users\ybala\.m2\repository\org\ccil\cowan\tagsoup\tagsoup\1.2.1\tagsoup-1.2.1.jar;C:\Users\ybala\.m2\repository\io\rest-assured\json-path\5.3.0\json-path-5.3.0.jar;C:\Users\ybala\.m2\repository\org\apache\groovy\groovy-json\4.0.6\groovy-json-4.0.6.jar;C:\Users\ybala\.m2\repository\io\rest-assured\rest-assured-common\5.3.0\rest-assured-common-5.3.0.jar;C:\Users\ybala\.m2\repository\io\rest-assured\xml-path\5.3.0\xml-path-5.3.0.jar;C:\Users\ybala\.m2\repository\org\apache\commons\commons-lang3\3.11\commons-lang3-3.11.jar;C:\Users\ybala\.m2\repository\junit\junit\4.13.2\junit-4.13.2.jar;C:\Users\ybala\.m2\repository\org\hamcrest\hamcrest-core\1.3\hamcrest-core-1.3.jar;C:\Users\ybala\.m2\repository\io\qameta\allure\allure-junit4\2.20.1\allure-junit4-2.20.1.jar;C:\Users\ybala\.m2\repository\io\qameta\allure\allure-java-commons\2.20.1\allure-java-commons-2.20.1.jar;C:\Users\ybala\.m2\repository\org\slf4j\slf4j-api\1.7.36\slf4j-api-1.7.36.jar;C:\Users\ybala\.m2\repository\io\qameta\allure\allure-model\2.20.1\allure-model-2.20.1.jar;C:\Users\ybala\.m2\repository\io\qameta\allure\allure-rest-assured\2.20.1\allure-rest-assured-2.20.1.jar;C:\Users\ybala\.m2\repository\io\qameta\allure\allure-attachments\2.20.1\allure-attachments-2.20.1.jar;C:\Users\ybala\.m2\repository\org\freemarker\freemarker\2.3.31\freemarker-2.3.31.jar;C:\Users\ybala\.m2\repository\com\fasterxml\jackson\core\jackson-databind\2.14.1\jackson-databind-2.14.1.jar;C:\Users\ybala\.m2\repository\com\fasterxml\jackson\core\jackson-annotations\2.14.1\jackson-annotations-2.14.1.jar;C:\Users\ybala\.m2\repository\com\fasterxml\jackson\core\jackson-core\2.14.1\jackson-core-2.14.1.jar;"/>
    <property name="sun.cpu.endian" value="little"/>
    <property name="allure.results.directory" value="C:\cygwin64\home\ybala\Project\Sprint_7\target/allure-results"/>
    <property name="user.home" value="C:\Users\ybala"/>
    <property name="user.language" value="ru"/>
    <property name="java.specification.vendor" value="Oracle Corporation"/>
    <property name="java.version.date" value="2022-08-12"/>
    <property name="java.home" value="C:\Program Files\Amazon Corretto\jdk11.0.16_9"/>
    <property name="file.separator" value="\"/>
    <property name="basedir" value="C:\cygwin64\home\ybala\Project\Sprint_7"/>
    <property name="java.vm.compressedOopsMode" value="Zero based"/>
    <property name="line.separator" value="&#10;"/>
    <property name="java.specification.name" value="Java Platform API Specification"/>
    <property name="java.vm.specification.vendor" value="Oracle Corporation"/>
    <property name="java.awt.graphicsenv" value="sun.awt.Win32GraphicsEnvironment"/>
    <property name="surefire.real.class.path" value="C:\Users\ybala\AppData\Local\Temp\surefire7116857859159316655\surefirebooter659755939143708318.jar"/>
    <property name="user.script" value=""/>
    <property name="sun.management.compiler" value="HotSpot 64-Bit Tiered Compilers"/>
    <property name="java.runtime.version" value="11.0.16.1+9-LTS"/>
    <property name="user.name" value="ybala"/>
    <property name="path.separator" value=";"/>
    <property name="os.version" value="10.0"/>
    <property name="java.runtime.name" value="OpenJDK Runtime Environment"/>
    <property name="file.encoding" value="Cp1251"/>
    <property name="java.vm.name" value="OpenJDK 64-Bit Server VM"/>
    <property name="java.vendor.version" value="Corretto-11.0.16.9.1"/>
    <property name="localRepository" value="C:\Users\ybala\.m2\repository"/>
    <property name="java.vendor.url.bug" value="https://github.com/corretto/corretto-11/issues/"/>
    <property name="java.io.tmpdir" value="C:\Users\ybala\AppData\Local\Temp\"/>
    <property name="idea.version" value="2022.2.3"/>
    <property name="java.version" value="11.0.16.1"/>
    <property name="user.dir" value="C:\cygwin64\home\ybala\Project\Sprint_7"/>
    <property name="os.arch" value="amd64"/>
    <property name="java.vm.specification.name" value="Java Virtual Machine Specification"/>
    <property name="java.awt.printerjob" value="sun.awt.windows.WPrinterJob"/>
    <property name="sun.os.patch.level" value=""/>
    <property name="java.library.path" value="C:\Program Files\Amazon Corretto\jdk11.0.16_9\bin;C:\WINDOWS\Sun\Java\bin;C:\WINDOWS\system32;C:\WINDOWS;C:\Program Files\Amazon Corretto\jdk11.0.16_9\bin;C:\WINDOWS\system32;C:\WINDOWS;C:\WINDOWS\System32\Wbem;C:\WINDOWS\System32\WindowsPowerShell\v1.0\;C:\WINDOWS\System32\OpenSSH\;C:\Program Files\Cloudflare\Cloudflare WARP\;C:\Program Files\nodejs\;C:\Program Files (x86)\dotnet\;C:\Program Files\Git\cmd;C:\Program Files\Git\mingw64\bin;C:\Program Files\Git\usr\bin;C:\Users\ybala\AppData\Local\Microsoft\WindowsApps;C:\Users\ybala\AppData\Roaming\npm;C:\apache-maven-3.8.6\bin;C:\WebDriver\bin;C:\Allure\allure-commandline-2.20.1\allure-2.20.1\bin;;."/>
    <property name="java.vm.info" value="mixed mode"/>
    <property name="java.vendor" value="Amazon.com Inc."/>
    <property name="java.vm.version" value="11.0.16.1+9-LTS"/>
    <property name="sun.io.unicode.encoding" value="UnicodeLittle"/>
    <property name="java.class.version" value="55.0"/>
  </properties>
  <testcase name="creatingCourierWithEmptyPasswordTest" classname="CourierTest" time="0.073"/>
  <testcase name="creatingCourierWithoutPasswordTest" classname="CourierTest" time="0.107"/>
  <testcase name="creatingCourierWithExistingLoginTest" classname="CourierTest" time="0.537">
    <failure message="1 expectation failed.&#10;Response body doesn&apos;t match expectation.&#10;Expected: &quot;{\&quot;message\&quot;: \&quot;Этот логин уже используется\&quot;}&quot;&#10;  Actual: {&quot;code&quot;:409,&quot;message&quot;:&quot;Этот логин уже используется. Попробуйте другой.&quot;}&#10;" type="java.lang.AssertionError">java.lang.AssertionError: 
1 expectation failed.
Response body doesn't match expectation.
Expected: "{\"message\": \"Этот логин уже используется\"}"
  Actual: {"code":409,"message":"Этот логин уже используется. Попробуйте другой."}

	at CourierTest.creatingCourierWithExistingLoginTest(CourierTest.java:124)
</failure>
    <system-out><![CDATA[Request method:	POST
Request URI:	http://qa-scooter.praktikum-services.ru/api/v1/courier
Proxy:			<none>
Request params:	<none>
Query params:	<none>
Form params:	<none>
Path params:	<none>
Headers:		Accept=*/*
				Content-Type=application/json
Cookies:		<none>
Multiparts:		<none>
Body:
{
    "login": "SWsZYhAY",
    "password": "SWsZYhAY",
    "firstName": "SWsZYhAY"
}
HTTP/1.1 201 Created
Access-Control-Allow-Origin: *
Content-Length: 11
Content-Type: application/json; charset=utf-8
Date: Thu, 12 Jan 2023 17:37:25 GMT
ETag: W/"b-Ai2R8hgEarLmHKwesT1qcY913ys"
Set-Cookie: _yasc=7/JA5uIs4yRuy/stT6szTHhQ1Benq9pUJd+j3XqY96lqQDIx1qeL2ZFXnlM1; domain=.praktikum-services.ru; path=/; expires=Sun, 09-Jan-2033 17:37:25 GMT; secure
X-Powered-By: Express
X-Request-Id: 1673545045558499-6909782214621528026

{
    "ok": true
}
Request method:	POST
Request URI:	http://qa-scooter.praktikum-services.ru/api/v1/courier
Proxy:			<none>
Request params:	<none>
Query params:	<none>
Form params:	<none>
Path params:	<none>
Headers:		Accept=*/*
				Content-Type=application/json
Cookies:		<none>
Multiparts:		<none>
Body:
{
    "login": "SWsZYhAY",
    "password": "8768kjhgfdsa",
    "firstName": "Петров Петр Петрович"
}
HTTP/1.1 409 Conflict
Access-Control-Allow-Origin: *
Content-Length: 112
Content-Type: application/json; charset=utf-8
Date: Thu, 12 Jan 2023 17:37:25 GMT
ETag: W/"70-sLG1ZktNk+Ab3iaKUMwxkdL4FJo"
Set-Cookie: _yasc=yW5JnX1AJwQZFloDM5rQv73AY1hfe/86ltrmPNbjnsUZso+lh9rVTygJVYc=; domain=.praktikum-services.ru; path=/; expires=Sun, 09-Jan-2033 17:37:25 GMT; secure
X-Powered-By: Express
X-Request-Id: 1673545045703383-10040894628210000660

{
    "code": 409,
    "message": "Этот логин уже используется. Попробуйте другой."
}
Request method:	POST
Request URI:	http://qa-scooter.praktikum-services.ru/api/v1/courier/login
Proxy:			<none>
Request params:	<none>
Query params:	<none>
Form params:	<none>
Path params:	<none>
Headers:		Accept=*/*
				Content-Type=application/json
Cookies:		<none>
Multiparts:		<none>
Body:
{
    "login": "SWsZYhAY",
    "password": "SWsZYhAY"
}
HTTP/1.1 200 OK
Access-Control-Allow-Origin: *
Content-Length: 13
Content-Type: application/json; charset=utf-8
Date: Thu, 12 Jan 2023 17:37:25 GMT
ETag: W/"d-VdG1+qMI9pVnRNCe2FzquqLRQt0"
Set-Cookie: _yasc=NynMdQHNWOFcbpD9Som+1trZlecCyZArk4uWP0LvhFDyqhqunzTgzqRlidk=; domain=.praktikum-services.ru; path=/; expires=Sun, 09-Jan-2033 17:37:25 GMT; secure
X-Powered-By: Express
X-Request-Id: 1673545045823286-18309667789349972350

{
    "id": 141780
}
Request method:	DELETE
Request URI:	http://qa-scooter.praktikum-services.ru/api/v1/courier/141780
Proxy:			<none>
Request params:	<none>
Query params:	<none>
Form params:	<none>
Path params:	<none>
Headers:		Accept=*/*
				Content-Type=application/json
Cookies:		<none>
Multiparts:		<none>
Body:
{
    "id": "141780"
}
HTTP/1.1 200 OK
Access-Control-Allow-Origin: *
Content-Length: 11
Content-Type: application/json; charset=utf-8
Date: Thu, 12 Jan 2023 17:37:25 GMT
ETag: W/"b-Ai2R8hgEarLmHKwesT1qcY913ys"
Set-Cookie: _yasc=JsBB+HMNg2jNAzSIM1mWMxAY0f3ooNITkzFBE7M/pFBoB8FF12SEvWLHmEI=; domain=.praktikum-services.ru; path=/; expires=Sun, 09-Jan-2033 17:37:25 GMT; secure
X-Powered-By: Express
X-Request-Id: 1673545045941826-13029602399829930528

{
    "ok": true
}
]]></system-out>
  </testcase>
  <testcase name="creatingCourierTest" classname="CourierTest" time="0.364"/>
  <testcase name="creatingCourierWithEmptyLoginTest" classname="CourierTest" time="0.117"/>
  <testcase name="creatingIdenticalCourierTest" classname="CourierTest" time="0.572">
    <failure message="1 expectation failed.&#10;Response body doesn&apos;t match expectation.&#10;Expected: &quot;{\&quot;message\&quot;: \&quot;Этот логин уже используется\&quot;}&quot;&#10;  Actual: {&quot;code&quot;:409,&quot;message&quot;:&quot;Этот логин уже используется. Попробуйте другой.&quot;}&#10;" type="java.lang.AssertionError">java.lang.AssertionError: 
1 expectation failed.
Response body doesn't match expectation.
Expected: "{\"message\": \"Этот логин уже используется\"}"
  Actual: {"code":409,"message":"Этот логин уже используется. Попробуйте другой."}

	at CourierTest.creatingIdenticalCourierTest(CourierTest.java:40)
</failure>
    <system-out><![CDATA[Request method:	POST
Request URI:	http://qa-scooter.praktikum-services.ru/api/v1/courier
Proxy:			<none>
Request params:	<none>
Query params:	<none>
Form params:	<none>
Path params:	<none>
Headers:		Accept=*/*
				Content-Type=application/json
Cookies:		<none>
Multiparts:		<none>
Body:
{
    "login": "YnrhJbSK",
    "password": "YnrhJbSK",
    "firstName": "YnrhJbSK"
}
HTTP/1.1 201 Created
Access-Control-Allow-Origin: *
Content-Length: 11
Content-Type: application/json; charset=utf-8
Date: Thu, 12 Jan 2023 17:37:26 GMT
ETag: W/"b-Ai2R8hgEarLmHKwesT1qcY913ys"
Set-Cookie: _yasc=RmOxAU3m8Dt/JiuwYD3DZCFp1IyAYcDE4FT/GHgUTM1Go8RcG1G5QLpGo037; domain=.praktikum-services.ru; path=/; expires=Sun, 09-Jan-2033 17:37:26 GMT; secure
X-Powered-By: Express
X-Request-Id: 1673545046518754-1107562261757851875

{
    "ok": true
}
Request method:	POST
Request URI:	http://qa-scooter.praktikum-services.ru/api/v1/courier
Proxy:			<none>
Request params:	<none>
Query params:	<none>
Form params:	<none>
Path params:	<none>
Headers:		Accept=*/*
				Content-Type=application/json
Cookies:		<none>
Multiparts:		<none>
Body:
{
    "login": "YnrhJbSK",
    "password": "YnrhJbSK",
    "firstName": "YnrhJbSK"
}
HTTP/1.1 409 Conflict
Access-Control-Allow-Origin: *
Content-Length: 112
Content-Type: application/json; charset=utf-8
Date: Thu, 12 Jan 2023 17:37:26 GMT
ETag: W/"70-sLG1ZktNk+Ab3iaKUMwxkdL4FJo"
Set-Cookie: _yasc=os1MEpKWYg3OXSzqB1CKEV0Isa9idWFe0GmhBNjNqoywWPlqYb+Iqnixw9w=; domain=.praktikum-services.ru; path=/; expires=Sun, 09-Jan-2033 17:37:26 GMT; secure
X-Powered-By: Express
X-Request-Id: 1673545046641604-4087020584862713100

{
    "code": 409,
    "message": "Этот логин уже используется. Попробуйте другой."
}
Request method:	POST
Request URI:	http://qa-scooter.praktikum-services.ru/api/v1/courier/login
Proxy:			<none>
Request params:	<none>
Query params:	<none>
Form params:	<none>
Path params:	<none>
Headers:		Accept=*/*
				Content-Type=application/json
Cookies:		<none>
Multiparts:		<none>
Body:
{
    "login": "YnrhJbSK",
    "password": "YnrhJbSK"
}
HTTP/1.1 200 OK
Access-Control-Allow-Origin: *
Content-Length: 13
Content-Type: application/json; charset=utf-8
Date: Thu, 12 Jan 2023 17:37:26 GMT
ETag: W/"d-Ki6tBUia256DG/6rTDba/P5ooB0"
Set-Cookie: _yasc=/BV3kh0ZE2oJTPX0QkZa7aeXMDfZLk2sui8Jy4LiR2cKOHd46KeAYNjMc4fd; domain=.praktikum-services.ru; path=/; expires=Sun, 09-Jan-2033 17:37:26 GMT; secure
X-Powered-By: Express
X-Request-Id: 1673545046806434-13860624404990946377

{
    "id": 141782
}
Request method:	DELETE
Request URI:	http://qa-scooter.praktikum-services.ru/api/v1/courier/141782
Proxy:			<none>
Request params:	<none>
Query params:	<none>
Form params:	<none>
Path params:	<none>
Headers:		Accept=*/*
				Content-Type=application/json
Cookies:		<none>
Multiparts:		<none>
Body:
{
    "id": "141782"
}
HTTP/1.1 200 OK
Access-Control-Allow-Origin: *
Content-Length: 11
Content-Type: application/json; charset=utf-8
Date: Thu, 12 Jan 2023 17:37:27 GMT
ETag: W/"b-Ai2R8hgEarLmHKwesT1qcY913ys"
Set-Cookie: _yasc=Ffvv5uCigCv2eLWHYKUExduu5JCPowNdryp+cXVG2yFyjsXIBOgwU6NcTs6p; domain=.praktikum-services.ru; path=/; expires=Sun, 09-Jan-2033 17:37:26 GMT; secure
X-Powered-By: Express
X-Request-Id: 1673545046911743-14433307429402381299

{
    "ok": true
}
]]></system-out>
  </testcase>
  <testcase name="creatingCourierWithEmptyFirstNameTest" classname="CourierTest" time="0.435"/>
  <testcase name="creatingCourierWithoutLoginTest" classname="CourierTest" time="0.105"/>
  <testcase name="creatingCourierWithoutFirstNameTest" classname="CourierTest" time="0.134"/>
</testsuite>